<?xml version="1.0" encoding="UTF-8" ?>
<testsuite errors="0" failures="0" hostname="DESKTOP-0T5LKEC" name="test.ApiTest" skipped="0" tests="1" time="10.089" timestamp="2016-09-02T03:48:21">
  <properties>
[...]
</properties>
  <testcase classname="test.ApiTest" name="test" time="10.032" />
  <system-out><![CDATA[Response Code: 200
Get Response is Successfull
{"coord":{"lon":-0.13,"lat":51.51},"weather":[{"id":802,"main":"Clouds","description":"scattered clouds","icon":"03n"}],"base":"cmc stations","main":{"temp":287.59,"pressure":1019,"humidity":77,"temp_min":286.15,"temp_max":289.15},"wind":{"speed":3.1,"deg":220},"clouds":{"all":36},"dt":1472787123,"sys":{"type":1,"id":5091,"message":0.0126,"country":"GB","sunrise":1472793328,"sunset":1472841809},"id":2643743,"name":"London","cod":200}
]]></system-out>
  <system-err><![CDATA[]]></system-err>
</testsuite>
